{"message":"app started at port 5000","level":"info","timestamp":"2021-06-03T13:38:09.265Z"}
{"message":"app started at port 5000","level":"info","timestamp":"2021-06-03T13:39:14.771Z"}
{"message":"user login attempt","level":"info","timestamp":"2021-06-03T13:39:49.733Z"}
{"name":"CustomError","level":"error","message":"wrong username or password","stack":"CustomError: wrong username or password\n    at Function.userSchema.statics.comparePasswords (/home/gb/WebstormProjects/jsoncms/Models/User.js:26:9)\n    at processTicksAndRejections (internal/process/task_queues.js:93:5)\n    at async Object.signIn (/home/gb/WebstormProjects/jsoncms/Service/authService.js:10:10)\n    at async signIn (/home/gb/WebstormProjects/jsoncms/Controllers/authController.js:8:18)","timestamp":"2021-06-03T13:39:49.748Z"}
{"message":"user signup attempt","level":"info","timestamp":"2021-06-03T13:41:02.612Z"}
{"message":"user signup success","level":"info","timestamp":"2021-06-03T13:41:02.965Z"}
{"message":"Requesting all objects by 60b8dbeec3aafc54512f572e","level":"info","timestamp":"2021-06-03T13:41:03.074Z"}
{"message":"Successful get all objects response","level":"info","timestamp":"2021-06-03T13:41:03.081Z"}
{"message":"app started at port 5000","level":"info","timestamp":"2021-06-03T13:43:04.824Z"}
{"message":"app started at port 5000","level":"info","timestamp":"2021-06-03T13:43:14.554Z"}
{"message":"app started at port 5000","level":"info","timestamp":"2021-06-03T13:43:18.948Z"}
{"message":"Requesting all objects by 60b8dbeec3aafc54512f572e","level":"info","timestamp":"2021-06-03T13:43:23.339Z"}
{"message":"Successful get all objects response","level":"info","timestamp":"2021-06-03T13:43:23.343Z"}
{"message":"app started at port 5000","level":"info","timestamp":"2021-06-03T13:43:33.411Z"}
{"message":"app started at port 5000","level":"info","timestamp":"2021-06-03T13:43:47.760Z"}
{"message":"app started at port 5000","level":"info","timestamp":"2021-06-03T13:43:51.972Z"}
{"message":"app started at port 5000","level":"info","timestamp":"2021-06-03T13:44:26.546Z"}
{"message":"app started at port 5000","level":"info","timestamp":"2021-06-03T13:44:51.370Z"}
{"message":"Requesting all objects by 60b8dbeec3aafc54512f572e","level":"info","timestamp":"2021-06-03T13:45:03.466Z"}
{"message":"Successful get all objects response","level":"info","timestamp":"2021-06-03T13:45:03.474Z"}
{"message":"app started at port 5000","level":"info","timestamp":"2021-06-03T13:45:12.555Z"}
{"message":"Requesting all objects by 60b8dbeec3aafc54512f572e","level":"info","timestamp":"2021-06-03T13:45:21.394Z"}
{"message":"Successful get all objects response","level":"info","timestamp":"2021-06-03T13:45:21.399Z"}
{"message":"Requesting all objects by 60b8dbeec3aafc54512f572e","level":"info","timestamp":"2021-06-03T13:45:26.208Z"}
{"message":"Successful get all objects response","level":"info","timestamp":"2021-06-03T13:45:26.213Z"}
{"message":"Requesting all objects by 60b8dbeec3aafc54512f572e","level":"info","timestamp":"2021-06-03T13:45:35.884Z"}
{"message":"Successful get all objects response","level":"info","timestamp":"2021-06-03T13:45:35.888Z"}
{"message":"app started at port 5000","level":"info","timestamp":"2021-06-03T13:45:41.590Z"}
{"message":"Requesting all objects by 60b8dbeec3aafc54512f572e","level":"info","timestamp":"2021-06-03T13:45:45.203Z"}
{"message":"Successful get all objects response","level":"info","timestamp":"2021-06-03T13:45:45.209Z"}
{"message":"Requesting all objects by 60b8dbeec3aafc54512f572e","level":"info","timestamp":"2021-06-03T13:45:47.169Z"}
{"message":"Successful get all objects response","level":"info","timestamp":"2021-06-03T13:45:47.172Z"}
{"message":"app started at port 5000","level":"info","timestamp":"2021-06-03T13:46:09.669Z"}
{"message":"app started at port 5000","level":"info","timestamp":"2021-06-03T13:46:19.068Z"}
{"message":"UserId: 60b8dbeec3aafc54512f572e, object creation attempt","level":"info","timestamp":"2021-06-03T13:47:01.487Z"}
{"name":"CustomError","level":"error","message":"Object name is required","stack":"CustomError: Object name is required\n    at Object.createObj (/home/gb/WebstormProjects/jsoncms/Service/objService.js:29:11)\n    at createAnObj (/home/gb/WebstormProjects/jsoncms/Controllers/objsController.js:7:22)\n    at Layer.handle [as handle_request] (/home/gb/WebstormProjects/jsoncms/node_modules/express/lib/router/layer.js:95:5)\n    at next (/home/gb/WebstormProjects/jsoncms/node_modules/express/lib/router/route.js:137:13)\n    at Route.dispatch (/home/gb/WebstormProjects/jsoncms/node_modules/express/lib/router/route.js:112:3)\n    at Layer.handle [as handle_request] (/home/gb/WebstormProjects/jsoncms/node_modules/express/lib/router/layer.js:95:5)\n    at /home/gb/WebstormProjects/jsoncms/node_modules/express/lib/router/index.js:281:22\n    at Function.process_params (/home/gb/WebstormProjects/jsoncms/node_modules/express/lib/router/index.js:335:12)\n    at next (/home/gb/WebstormProjects/jsoncms/node_modules/express/lib/router/index.js:275:10)\n    at isAuthedMiddleware (/home/gb/WebstormProjects/jsoncms/Middleware/isAuthedMiddleware.js:16:7)\n    at processTicksAndRejections (internal/process/task_queues.js:93:5)","timestamp":"2021-06-03T13:47:01.488Z"}
{"message":"UserId: 60b8dbeec3aafc54512f572e, object creation attempt","level":"info","timestamp":"2021-06-03T13:47:07.707Z"}
{"message":"UserId: 60b8dbeec3aafc54512f572e, adding uploaded files to new object ","level":"info","timestamp":"2021-06-03T13:47:07.715Z"}
{"message":"Successful object creation","level":"info","timestamp":"2021-06-03T13:47:07.938Z"}
{"message":"Requesting all objects by 60b8dbeec3aafc54512f572e","level":"info","timestamp":"2021-06-03T13:47:08.017Z"}
{"message":"Successful get all objects response","level":"info","timestamp":"2021-06-03T13:47:08.023Z"}
{"message":"app started at port 5000","level":"info","timestamp":"2021-06-03T13:47:31.328Z"}
{"message":"app started at port 5000","level":"info","timestamp":"2021-06-03T13:47:35.393Z"}
{"message":"app started at port 5000","level":"info","timestamp":"2021-06-03T13:47:37.781Z"}
{"message":"app started at port 5000","level":"info","timestamp":"2021-06-03T13:51:01.945Z"}
{"message":"app started at port 5000","level":"info","timestamp":"2021-06-03T13:51:19.916Z"}
{"message":"app started at port 5000","level":"info","timestamp":"2021-06-03T13:51:35.067Z"}
{"message":"Requesting all objects by 60b8dbeec3aafc54512f572e","level":"info","timestamp":"2021-06-03T13:51:37.291Z"}
{"message":"Successful get all objects response","level":"info","timestamp":"2021-06-03T13:51:37.298Z"}
{"message":"app started at port 5000","level":"info","timestamp":"2021-06-03T13:51:58.077Z"}
{"message":"Requesting all objects by 60b8dbeec3aafc54512f572e","level":"info","timestamp":"2021-06-03T13:52:00.802Z"}
{"message":"Successful get all objects response","level":"info","timestamp":"2021-06-03T13:52:00.811Z"}
{"message":"app started at port 5000","level":"info","timestamp":"2021-06-03T13:52:38.668Z"}
{"message":"app started at port 5000","level":"info","timestamp":"2021-06-03T13:52:46.757Z"}
{"message":"app started at port 5000","level":"info","timestamp":"2021-06-03T13:53:02.284Z"}
{"message":"app started at port 5000","level":"info","timestamp":"2021-06-03T13:53:09.478Z"}
{"message":"app started at port 5000","level":"info","timestamp":"2021-06-03T13:53:14.984Z"}
{"message":"app started at port 5000","level":"info","timestamp":"2021-06-03T13:53:31.164Z"}
{"message":"app started at port 5000","level":"info","timestamp":"2021-06-03T13:53:38.004Z"}
{"message":"app started at port 5000","level":"info","timestamp":"2021-06-03T14:14:24.101Z"}
{"message":"app started at port 5000","level":"info","timestamp":"2021-06-03T14:14:43.798Z"}
{"message":"app started at port 5000","level":"info","timestamp":"2021-06-03T14:16:00.479Z"}
{"message":"Requesting all objects by 60b8dbeec3aafc54512f572e","level":"info","timestamp":"2021-06-03T14:16:04.317Z"}
{"message":"Successful get all objects response","level":"info","timestamp":"2021-06-03T14:16:04.331Z"}
{"message":"app started at port 5000","level":"info","timestamp":"2021-06-03T14:16:14.668Z"}
{"message":"app started at port 5000","level":"info","timestamp":"2021-06-03T14:18:15.666Z"}
{"message":"app started at port 5000","level":"info","timestamp":"2021-06-03T14:18:54.931Z"}
{"message":"Requesting all objects by 60b8dbeec3aafc54512f572e","level":"info","timestamp":"2021-06-03T14:18:56.240Z"}
{"message":"Successful get all objects response","level":"info","timestamp":"2021-06-03T14:18:56.250Z"}
{"message":"app started at port 5000","level":"info","timestamp":"2021-06-03T14:19:17.728Z"}
{"message":"app started at port 5000","level":"info","timestamp":"2021-06-03T14:19:41.398Z"}
{"message":"app started at port 5000","level":"info","timestamp":"2021-06-03T14:19:56.230Z"}
{"message":"app started at port 5000","level":"info","timestamp":"2021-06-03T14:20:16.536Z"}
{"message":"app started at port 5000","level":"info","timestamp":"2021-06-03T14:20:40.530Z"}
{"message":"app started at port 5000","level":"info","timestamp":"2021-06-03T14:20:53.181Z"}
{"message":"app started at port 5000","level":"info","timestamp":"2021-06-03T14:21:38.052Z"}
{"message":"app started at port 5000","level":"info","timestamp":"2021-06-03T14:22:45.617Z"}
{"message":"app started at port 5000","level":"info","timestamp":"2021-06-03T14:23:06.840Z"}
{"message":"app started at port 5000","level":"info","timestamp":"2021-06-03T14:26:19.699Z"}
{"message":"Requesting all objects by 60b8dbeec3aafc54512f572e","level":"info","timestamp":"2021-06-03T14:26:53.002Z"}
{"message":"Successful get all objects response","level":"info","timestamp":"2021-06-03T14:26:53.010Z"}
{"message":"app started at port 5000","level":"info","timestamp":"2021-06-03T14:29:20.405Z"}
{"message":"Requesting all objects by 60b8dbeec3aafc54512f572e","level":"info","timestamp":"2021-06-03T14:29:27.284Z"}
{"message":"Successful get all objects response","level":"info","timestamp":"2021-06-03T14:29:27.292Z"}
{"message":"app started at port 5000","level":"info","timestamp":"2021-06-03T14:41:55.219Z"}
{"message":"app started at port 5000","level":"info","timestamp":"2021-06-03T14:42:12.954Z"}
{"message":"app started at port 5000","level":"info","timestamp":"2021-06-03T14:42:40.162Z"}
{"message":"Requesting all objects by 60b8dbeec3aafc54512f572e","level":"info","timestamp":"2021-06-03T14:42:49.154Z"}
{"message":"Successful get all objects response","level":"info","timestamp":"2021-06-03T14:42:49.162Z"}
{"message":"app started at port 5000","level":"info","timestamp":"2021-06-03T14:43:24.697Z"}
{"message":"app started at port 5000","level":"info","timestamp":"2021-06-03T14:43:44.175Z"}
{"message":"app started at port 5000","level":"info","timestamp":"2021-06-03T14:44:13.508Z"}
{"message":"Requesting all objects by 60b8dbeec3aafc54512f572e","level":"info","timestamp":"2021-06-03T14:44:20.914Z"}
{"message":"Successful get all objects response","level":"info","timestamp":"2021-06-03T14:44:20.922Z"}
{"message":"app started at port 5000","level":"info","timestamp":"2021-06-03T14:47:02.085Z"}
{"message":"app started at port 5000","level":"info","timestamp":"2021-06-03T14:47:18.441Z"}
{"message":"app started at port 5000","level":"info","timestamp":"2021-06-03T14:48:06.945Z"}
{"message":"app started at port 5000","level":"info","timestamp":"2021-06-03T14:48:32.881Z"}
{"message":"app started at port 5000","level":"info","timestamp":"2021-06-03T14:49:12.476Z"}
{"message":"app started at port 5000","level":"info","timestamp":"2021-06-04T06:52:02.534Z"}
{"message":"user login attempt","level":"info","timestamp":"2021-06-04T06:52:41.081Z"}
{"message":"user login success","level":"info","timestamp":"2021-06-04T06:52:41.537Z"}
{"message":"Requesting all objects by 60b8dbeec3aafc54512f572e","level":"info","timestamp":"2021-06-04T06:52:41.643Z"}
{"message":"Successful get all objects response","level":"info","timestamp":"2021-06-04T06:52:41.668Z"}
{"message":"app started at port 5000","level":"info","timestamp":"2021-06-04T06:55:15.065Z"}
{"message":"Requesting all objects by 60b8dbeec3aafc54512f572e","level":"info","timestamp":"2021-06-04T06:55:22.200Z"}
{"message":"Successful get all objects response","level":"info","timestamp":"2021-06-04T06:55:22.208Z"}
{"message":"app started at port 5000","level":"info","timestamp":"2021-06-04T06:55:38.500Z"}
{"message":"Requesting all objects by 60b8dbeec3aafc54512f572e","level":"info","timestamp":"2021-06-04T06:55:44.288Z"}
{"message":"Successful get all objects response","level":"info","timestamp":"2021-06-04T06:55:44.299Z"}
{"message":"app started at port 5000","level":"info","timestamp":"2021-06-04T06:56:01.573Z"}
{"message":"app started at port 5000","level":"info","timestamp":"2021-06-04T06:56:21.727Z"}
{"message":"Requesting all objects by 60b8dbeec3aafc54512f572e","level":"info","timestamp":"2021-06-04T06:56:23.691Z"}
{"message":"Successful get all objects response","level":"info","timestamp":"2021-06-04T06:56:23.700Z"}
{"message":"app started at port 5000","level":"info","timestamp":"2021-06-04T06:56:41.484Z"}
{"message":"app started at port 5000","level":"info","timestamp":"2021-06-04T06:56:47.803Z"}
{"message":"app started at port 5000","level":"info","timestamp":"2021-06-04T06:56:52.628Z"}
{"message":"app started at port 5000","level":"info","timestamp":"2021-06-04T06:56:59.192Z"}
{"message":"app started at port 5000","level":"info","timestamp":"2021-06-04T06:57:07.163Z"}
{"message":"app started at port 5000","level":"info","timestamp":"2021-06-04T06:57:56.774Z"}
{"message":"app started at port 5000","level":"info","timestamp":"2021-06-04T06:58:23.092Z"}
{"message":"app started at port 5000","level":"info","timestamp":"2021-06-04T06:58:38.866Z"}
{"message":"app started at port 5000","level":"info","timestamp":"2021-06-04T06:58:49.134Z"}
{"message":"app started at port 5000","level":"info","timestamp":"2021-06-04T06:59:10.594Z"}
{"message":"app started at port 5000","level":"info","timestamp":"2021-06-04T06:59:20.632Z"}
{"message":"app started at port 5000","level":"info","timestamp":"2021-06-04T06:59:26.376Z"}
{"message":"app started at port 5000","level":"info","timestamp":"2021-06-04T06:59:39.866Z"}
{"message":"app started at port 5000","level":"info","timestamp":"2021-06-04T07:00:46.762Z"}
{"message":"app started at port 5000","level":"info","timestamp":"2021-06-04T07:01:23.660Z"}
{"message":"Requesting all objects by 60b8dbeec3aafc54512f572e","level":"info","timestamp":"2021-06-04T07:01:36.491Z"}
{"message":"Successful get all objects response","level":"info","timestamp":"2021-06-04T07:01:36.498Z"}
{"message":"app started at port 5000","level":"info","timestamp":"2021-06-04T07:01:47.917Z"}
{"message":"app started at port 5000","level":"info","timestamp":"2021-06-04T07:03:40.556Z"}
{"message":"Requesting all objects by 60b8dbeec3aafc54512f572e","level":"info","timestamp":"2021-06-04T07:03:44.687Z"}
{"message":"Successful get all objects response","level":"info","timestamp":"2021-06-04T07:03:44.696Z"}
{"message":"app started at port 5000","level":"info","timestamp":"2021-06-04T07:03:55.959Z"}
{"message":"Requesting all objects by 60b8dbeec3aafc54512f572e","level":"info","timestamp":"2021-06-04T07:05:18.919Z"}
{"message":"Successful get all objects response","level":"info","timestamp":"2021-06-04T07:05:18.930Z"}
{"message":"app started at port 5000","level":"info","timestamp":"2021-06-04T07:05:46.571Z"}
{"message":"Requesting all objects by 60b8dbeec3aafc54512f572e","level":"info","timestamp":"2021-06-04T07:05:57.565Z"}
{"message":"Successful get all objects response","level":"info","timestamp":"2021-06-04T07:05:57.574Z"}
{"message":"Requesting all objects by 60b8dbeec3aafc54512f572e","level":"info","timestamp":"2021-06-04T07:06:48.157Z"}
{"message":"Successful get all objects response","level":"info","timestamp":"2021-06-04T07:06:48.162Z"}
{"message":"Requesting all objects by 60b8dbeec3aafc54512f572e","level":"info","timestamp":"2021-06-04T07:08:13.888Z"}
{"message":"Successful get all objects response","level":"info","timestamp":"2021-06-04T07:08:13.892Z"}
{"message":"app started at port 5000","level":"info","timestamp":"2021-06-04T07:08:45.589Z"}
{"message":"app started at port 5000","level":"info","timestamp":"2021-06-04T07:09:01.250Z"}
{"message":"app started at port 5000","level":"info","timestamp":"2021-06-04T07:09:13.016Z"}
{"message":"Requesting all objects by 60b8dbeec3aafc54512f572e","level":"info","timestamp":"2021-06-04T07:09:15.324Z"}
{"message":"Successful get all objects response","level":"info","timestamp":"2021-06-04T07:09:15.334Z"}
{"message":"Requesting all objects by 60b8dbeec3aafc54512f572e","level":"info","timestamp":"2021-06-04T07:09:38.751Z"}
{"message":"Successful get all objects response","level":"info","timestamp":"2021-06-04T07:09:38.756Z"}
{"message":"app started at port 5000","level":"info","timestamp":"2021-06-04T07:10:32.380Z"}
{"message":"Requesting all objects by 60b8dbeec3aafc54512f572e","level":"info","timestamp":"2021-06-04T07:10:38.966Z"}
{"message":"Successful get all objects response","level":"info","timestamp":"2021-06-04T07:10:38.976Z"}
{"message":"app started at port 5000","level":"info","timestamp":"2021-06-04T07:11:01.324Z"}
{"message":"app started at port 5000","level":"info","timestamp":"2021-06-04T07:11:13.376Z"}
{"message":"Requesting all objects by 60b8dbeec3aafc54512f572e","level":"info","timestamp":"2021-06-04T07:11:16.480Z"}
{"message":"Successful get all objects response","level":"info","timestamp":"2021-06-04T07:11:16.489Z"}
{"message":"app started at port 5000","level":"info","timestamp":"2021-06-04T07:11:30.093Z"}
{"message":"app started at port 5000","level":"info","timestamp":"2021-06-04T07:12:39.380Z"}
{"message":"app started at port 5000","level":"info","timestamp":"2021-06-04T07:12:59.014Z"}
{"message":"Requesting all objects by 60b8dbeec3aafc54512f572e","level":"info","timestamp":"2021-06-04T07:13:03.350Z"}
{"message":"Successful get all objects response","level":"info","timestamp":"2021-06-04T07:13:03.358Z"}
{"message":"app started at port 5000","level":"info","timestamp":"2021-06-04T07:13:29.109Z"}
{"message":"app started at port 5000","level":"info","timestamp":"2021-06-04T07:13:40.272Z"}
{"message":"app started at port 5000","level":"info","timestamp":"2021-06-04T07:13:53.056Z"}
{"message":"Requesting all objects by 60b8dbeec3aafc54512f572e","level":"info","timestamp":"2021-06-04T07:14:00.097Z"}
{"message":"Successful get all objects response","level":"info","timestamp":"2021-06-04T07:14:00.107Z"}
{"message":"app started at port 5000","level":"info","timestamp":"2021-06-04T07:14:32.360Z"}
{"message":"app started at port 5000","level":"info","timestamp":"2021-06-04T07:14:41.760Z"}
{"message":"app started at port 5000","level":"info","timestamp":"2021-06-04T07:14:52.928Z"}
{"message":"app started at port 5000","level":"info","timestamp":"2021-06-04T07:15:04.649Z"}
{"message":"Requesting all objects by 60b8dbeec3aafc54512f572e","level":"info","timestamp":"2021-06-04T07:15:10.299Z"}
{"message":"Successful get all objects response","level":"info","timestamp":"2021-06-04T07:15:10.308Z"}
{"message":"app started at port 5000","level":"info","timestamp":"2021-06-04T07:15:27.098Z"}
{"message":"app started at port 5000","level":"info","timestamp":"2021-06-04T07:15:31.930Z"}
{"message":"Requesting all objects by 60b8dbeec3aafc54512f572e","level":"info","timestamp":"2021-06-04T07:15:32.929Z"}
{"message":"Successful get all objects response","level":"info","timestamp":"2021-06-04T07:15:32.937Z"}
{"message":"app started at port 5000","level":"info","timestamp":"2021-06-04T07:15:44.889Z"}
{"message":"app started at port 5000","level":"info","timestamp":"2021-06-04T07:16:09.091Z"}
{"message":"app started at port 5000","level":"info","timestamp":"2021-06-04T07:16:25.705Z"}
{"message":"app started at port 5000","level":"info","timestamp":"2021-06-04T07:16:50.486Z"}
{"message":"Requesting all objects by 60b8dbeec3aafc54512f572e","level":"info","timestamp":"2021-06-04T07:16:59.579Z"}
{"message":"Successful get all objects response","level":"info","timestamp":"2021-06-04T07:16:59.587Z"}
{"message":"app started at port 5000","level":"info","timestamp":"2021-06-04T07:17:23.387Z"}
{"message":"Requesting all objects by 60b8dbeec3aafc54512f572e","level":"info","timestamp":"2021-06-04T07:17:27.786Z"}
{"message":"Successful get all objects response","level":"info","timestamp":"2021-06-04T07:17:27.795Z"}
{"message":"app started at port 5000","level":"info","timestamp":"2021-06-04T07:17:52.490Z"}
{"message":"app started at port 5000","level":"info","timestamp":"2021-06-04T07:18:16.340Z"}
{"message":"app started at port 5000","level":"info","timestamp":"2021-06-04T07:18:23.523Z"}
{"message":"Requesting all objects by 60b8dbeec3aafc54512f572e","level":"info","timestamp":"2021-06-04T07:18:24.468Z"}
{"message":"Successful get all objects response","level":"info","timestamp":"2021-06-04T07:18:24.476Z"}
{"message":"app started at port 5000","level":"info","timestamp":"2021-06-04T07:18:43.787Z"}
{"message":"Requesting all objects by 60b8dbeec3aafc54512f572e","level":"info","timestamp":"2021-06-04T07:18:49.220Z"}
{"message":"Successful get all objects response","level":"info","timestamp":"2021-06-04T07:18:49.228Z"}
{"message":"Requesting all objects by 60b8dbeec3aafc54512f572e","level":"info","timestamp":"2021-06-04T07:19:58.812Z"}
{"message":"Successful get all objects response","level":"info","timestamp":"2021-06-04T07:19:58.820Z"}
{"message":"app started at port 5000","level":"info","timestamp":"2021-06-04T07:20:10.872Z"}
{"message":"app started at port 5000","level":"info","timestamp":"2021-06-04T07:20:27.957Z"}
{"message":"app started at port 5000","level":"info","timestamp":"2021-06-04T07:20:46.328Z"}
{"message":"app started at port 5000","level":"info","timestamp":"2021-06-04T07:20:51.593Z"}
{"message":"app started at port 5000","level":"info","timestamp":"2021-06-04T07:21:29.036Z"}
{"message":"app started at port 5000","level":"info","timestamp":"2021-06-04T07:22:43.033Z"}
{"message":"app started at port 5000","level":"info","timestamp":"2021-06-04T07:23:08.927Z"}
{"message":"app started at port 5000","level":"info","timestamp":"2021-06-04T07:23:22.510Z"}
{"message":"app started at port 5000","level":"info","timestamp":"2021-06-04T07:23:30.359Z"}
{"message":"Requesting all objects by 60b8dbeec3aafc54512f572e","level":"info","timestamp":"2021-06-04T07:23:30.891Z"}
{"message":"Successful get all objects response","level":"info","timestamp":"2021-06-04T07:23:30.905Z"}
{"message":"app started at port 5000","level":"info","timestamp":"2021-06-04T07:23:40.482Z"}
{"message":"app started at port 5000","level":"info","timestamp":"2021-06-04T07:23:50.963Z"}
{"message":"app started at port 5000","level":"info","timestamp":"2021-06-04T07:25:19.542Z"}
{"message":"app started at port 5000","level":"info","timestamp":"2021-06-04T07:25:42.403Z"}
{"message":"Requesting all objects by 60b8dbeec3aafc54512f572e","level":"info","timestamp":"2021-06-04T07:25:45.407Z"}
{"message":"Successful get all objects response","level":"info","timestamp":"2021-06-04T07:25:45.416Z"}
{"message":"app started at port 5000","level":"info","timestamp":"2021-06-04T07:26:18.718Z"}
{"message":"app started at port 5000","level":"info","timestamp":"2021-06-04T07:28:24.547Z"}
{"message":"app started at port 5000","level":"info","timestamp":"2021-06-04T07:28:38.247Z"}
{"message":"Requesting all objects by 60b8dbeec3aafc54512f572e","level":"info","timestamp":"2021-06-04T07:28:45.898Z"}
{"message":"Successful get all objects response","level":"info","timestamp":"2021-06-04T07:28:45.904Z"}
{"message":"app started at port 5000","level":"info","timestamp":"2021-06-04T07:29:11.250Z"}
{"message":"Requesting all objects by 60b8dbeec3aafc54512f572e","level":"info","timestamp":"2021-06-04T07:29:14.179Z"}
{"message":"Successful get all objects response","level":"info","timestamp":"2021-06-04T07:29:14.187Z"}
{"message":"app started at port 5000","level":"info","timestamp":"2021-06-04T07:29:49.560Z"}
{"message":"app started at port 5000","level":"info","timestamp":"2021-06-04T07:43:23.229Z"}
{"message":"app started at port 5000","level":"info","timestamp":"2021-06-04T07:43:57.316Z"}
{"message":"app started at port 5000","level":"info","timestamp":"2021-06-04T07:44:12.654Z"}
{"message":"app started at port 5000","level":"info","timestamp":"2021-06-04T07:44:19.712Z"}
{"message":"app started at port 5000","level":"info","timestamp":"2021-06-04T07:44:57.902Z"}
{"message":"app started at port 5000","level":"info","timestamp":"2021-06-04T07:45:16.573Z"}
{"message":"Requesting all objects by 60b8dbeec3aafc54512f572e","level":"info","timestamp":"2021-06-04T07:45:21.063Z"}
{"message":"Successful get all objects response","level":"info","timestamp":"2021-06-04T07:45:21.072Z"}
{"message":"app started at port 5000","level":"info","timestamp":"2021-06-04T07:45:41.478Z"}
{"message":"app started at port 5000","level":"info","timestamp":"2021-06-04T07:46:02.147Z"}
{"message":"Requesting all objects by 60b8dbeec3aafc54512f572e","level":"info","timestamp":"2021-06-04T07:46:05.676Z"}
{"message":"Successful get all objects response","level":"info","timestamp":"2021-06-04T07:46:05.684Z"}
{"message":"app started at port 5000","level":"info","timestamp":"2021-06-04T07:46:24.295Z"}
{"message":"app started at port 5000","level":"info","timestamp":"2021-06-04T07:46:48.353Z"}
{"message":"app started at port 5000","level":"info","timestamp":"2021-06-04T07:46:53.045Z"}
{"message":"app started at port 5000","level":"info","timestamp":"2021-06-04T07:46:58.130Z"}
{"message":"Requesting all objects by 60b8dbeec3aafc54512f572e","level":"info","timestamp":"2021-06-04T07:47:02.627Z"}
{"message":"Successful get all objects response","level":"info","timestamp":"2021-06-04T07:47:02.633Z"}
{"message":"app started at port 5000","level":"info","timestamp":"2021-06-04T07:47:14.340Z"}
{"message":"Requesting all objects by 60b8dbeec3aafc54512f572e","level":"info","timestamp":"2021-06-04T07:47:17.057Z"}
{"message":"Successful get all objects response","level":"info","timestamp":"2021-06-04T07:47:17.063Z"}
{"message":"app started at port 5000","level":"info","timestamp":"2021-06-04T07:48:19.932Z"}
{"message":"app started at port 5000","level":"info","timestamp":"2021-06-04T07:48:43.123Z"}
{"message":"app started at port 5000","level":"info","timestamp":"2021-06-04T07:48:48.669Z"}
{"message":"app started at port 5000","level":"info","timestamp":"2021-06-04T07:49:03.679Z"}
{"message":"app started at port 5000","level":"info","timestamp":"2021-06-04T07:50:50.483Z"}
{"message":"app started at port 5000","level":"info","timestamp":"2021-06-04T07:51:19.054Z"}
{"message":"app started at port 5000","level":"info","timestamp":"2021-06-04T07:51:45.927Z"}
{"message":"app started at port 5000","level":"info","timestamp":"2021-06-04T07:54:24.258Z"}
{"message":"app started at port 5000","level":"info","timestamp":"2021-06-04T07:55:00.924Z"}
{"message":"app started at port 5000","level":"info","timestamp":"2021-06-04T07:55:26.491Z"}
{"message":"Requesting all objects by 60b8dbeec3aafc54512f572e","level":"info","timestamp":"2021-06-04T07:55:50.908Z"}
{"message":"Successful get all objects response","level":"info","timestamp":"2021-06-04T07:55:50.916Z"}
{"message":"app started at port 5000","level":"info","timestamp":"2021-06-04T07:56:21.801Z"}
{"message":"app started at port 5000","level":"info","timestamp":"2021-06-04T07:56:36.455Z"}
{"message":"app started at port 5000","level":"info","timestamp":"2021-06-04T08:00:11.975Z"}
{"message":"app started at port 5000","level":"info","timestamp":"2021-06-04T08:00:24.632Z"}
{"message":"app started at port 5000","level":"info","timestamp":"2021-06-04T08:00:36.676Z"}
{"message":"app started at port 5000","level":"info","timestamp":"2021-06-04T08:00:43.818Z"}
{"message":"app started at port 5000","level":"info","timestamp":"2021-06-04T08:00:50.240Z"}
{"message":"app started at port 5000","level":"info","timestamp":"2021-06-04T08:00:57.269Z"}
{"message":"app started at port 5000","level":"info","timestamp":"2021-06-04T08:01:08.511Z"}
{"message":"app started at port 5000","level":"info","timestamp":"2021-06-04T08:01:41.568Z"}
{"message":"Requesting all objects by 60b8dbeec3aafc54512f572e","level":"info","timestamp":"2021-06-04T08:01:45.327Z"}
{"message":"Successful get all objects response","level":"info","timestamp":"2021-06-04T08:01:45.336Z"}
{"message":"app started at port 5000","level":"info","timestamp":"2021-06-04T08:01:53.048Z"}
{"message":"app started at port 5000","level":"info","timestamp":"2021-06-04T08:02:03.098Z"}
{"message":"app started at port 5000","level":"info","timestamp":"2021-06-04T08:02:15.520Z"}
{"message":"app started at port 5000","level":"info","timestamp":"2021-06-04T08:02:21.761Z"}
{"message":"app started at port 5000","level":"info","timestamp":"2021-06-04T08:02:43.006Z"}
{"message":"app started at port 5000","level":"info","timestamp":"2021-06-04T08:02:54.082Z"}
{"message":"Requesting all objects by 60b8dbeec3aafc54512f572e","level":"info","timestamp":"2021-06-04T08:02:59.448Z"}
{"message":"Successful get all objects response","level":"info","timestamp":"2021-06-04T08:02:59.456Z"}
{"message":"app started at port 5000","level":"info","timestamp":"2021-06-04T08:03:52.068Z"}
{"message":"app started at port 5000","level":"info","timestamp":"2021-06-04T08:03:57.999Z"}
{"message":"Requesting all objects by 60b8dbeec3aafc54512f572e","level":"info","timestamp":"2021-06-04T08:04:00.569Z"}
{"message":"Successful get all objects response","level":"info","timestamp":"2021-06-04T08:04:00.577Z"}
{"message":"app started at port 5000","level":"info","timestamp":"2021-06-04T08:04:08.852Z"}
{"message":"app started at port 5000","level":"info","timestamp":"2021-06-04T08:04:34.715Z"}
{"message":"Requesting all objects by 60b8dbeec3aafc54512f572e","level":"info","timestamp":"2021-06-04T08:04:35.681Z"}
{"message":"Successful get all objects response","level":"info","timestamp":"2021-06-04T08:04:35.687Z"}
{"message":"Requesting all objects by 60b8dbeec3aafc54512f572e","level":"info","timestamp":"2021-06-04T08:04:37.667Z"}
{"message":"Successful get all objects response","level":"info","timestamp":"2021-06-04T08:04:37.670Z"}
{"message":"Requesting all objects by 60b8dbeec3aafc54512f572e","level":"info","timestamp":"2021-06-04T08:05:55.971Z"}
{"message":"Successful get all objects response","level":"info","timestamp":"2021-06-04T08:05:55.976Z"}
{"message":"app started at port 5000","level":"info","timestamp":"2021-06-04T08:06:51.865Z"}
{"message":"Requesting all objects by 60b8dbeec3aafc54512f572e","level":"info","timestamp":"2021-06-04T08:07:26.759Z"}
{"message":"Successful get all objects response","level":"info","timestamp":"2021-06-04T08:07:26.770Z"}
{"message":"app started at port 5000","level":"info","timestamp":"2021-06-04T08:07:33.849Z"}
{"message":"app started at port 5000","level":"info","timestamp":"2021-06-04T08:09:01.448Z"}
{"message":"Requesting all objects by 60b8dbeec3aafc54512f572e","level":"info","timestamp":"2021-06-04T08:09:08.933Z"}
{"message":"Successful get all objects response","level":"info","timestamp":"2021-06-04T08:09:08.943Z"}
{"message":"UserId: 60b8dbeec3aafc54512f572e, object creation attempt","level":"info","timestamp":"2021-06-04T08:09:18.716Z"}
{"name":"CustomError","level":"error","message":"Object name is required","stack":"CustomError: Object name is required\n    at Object.createObj (/home/gb/WebstormProjects/jsoncms/Service/objService.js:29:11)\n    at createAnObj (/home/gb/WebstormProjects/jsoncms/Controllers/objsController.js:7:22)\n    at Layer.handle [as handle_request] (/home/gb/WebstormProjects/jsoncms/node_modules/express/lib/router/layer.js:95:5)\n    at next (/home/gb/WebstormProjects/jsoncms/node_modules/express/lib/router/route.js:137:13)\n    at Route.dispatch (/home/gb/WebstormProjects/jsoncms/node_modules/express/lib/router/route.js:112:3)\n    at Layer.handle [as handle_request] (/home/gb/WebstormProjects/jsoncms/node_modules/express/lib/router/layer.js:95:5)\n    at /home/gb/WebstormProjects/jsoncms/node_modules/express/lib/router/index.js:281:22\n    at Function.process_params (/home/gb/WebstormProjects/jsoncms/node_modules/express/lib/router/index.js:335:12)\n    at next (/home/gb/WebstormProjects/jsoncms/node_modules/express/lib/router/index.js:275:10)\n    at isAuthedMiddleware (/home/gb/WebstormProjects/jsoncms/Middleware/isAuthedMiddleware.js:16:7)\n    at processTicksAndRejections (internal/process/task_queues.js:93:5)","timestamp":"2021-06-04T08:09:18.717Z"}
{"message":"UserId: 60b8dbeec3aafc54512f572e, object creation attempt","level":"info","timestamp":"2021-06-04T08:09:22.582Z"}
{"message":"UserId: 60b8dbeec3aafc54512f572e, adding uploaded files to new object ","level":"info","timestamp":"2021-06-04T08:09:22.588Z"}
{"message":"Successful object creation","level":"info","timestamp":"2021-06-04T08:09:22.666Z"}
{"message":"Requesting all objects by 60b8dbeec3aafc54512f572e","level":"info","timestamp":"2021-06-04T08:09:22.697Z"}
{"message":"Successful get all objects response","level":"info","timestamp":"2021-06-04T08:09:22.702Z"}
{"message":"Attempting to delete ObjectId: 60b8dd5ba291a1576141bfe1 ","level":"info","timestamp":"2021-06-04T08:09:28.257Z"}
{"message":"Successful object delete","level":"info","timestamp":"2021-06-04T08:09:28.266Z"}
{"message":"Requesting all objects by 60b8dbeec3aafc54512f572e","level":"info","timestamp":"2021-06-04T08:09:28.284Z"}
{"message":"Successful get all objects response","level":"info","timestamp":"2021-06-04T08:09:28.287Z"}
{"message":"app started at port 5000","level":"info","timestamp":"2021-06-04T08:09:50.456Z"}
{"message":"app started at port 5000","level":"info","timestamp":"2021-06-04T08:12:44.739Z"}
{"message":"app started at port 5000","level":"info","timestamp":"2021-06-04T08:12:53.241Z"}
{"message":"app started at port 5000","level":"info","timestamp":"2021-06-04T08:13:13.486Z"}
{"message":"UserId: 60b8dbeec3aafc54512f572e, object creation attempt","level":"info","timestamp":"2021-06-04T08:13:25.052Z"}
{"message":"UserId: 60b8dbeec3aafc54512f572e, adding uploaded files to new object ","level":"info","timestamp":"2021-06-04T08:13:25.055Z"}
{"message":"Successful object creation","level":"info","timestamp":"2021-06-04T08:13:25.071Z"}
{"message":"Requesting all objects by 60b8dbeec3aafc54512f572e","level":"info","timestamp":"2021-06-04T08:13:25.105Z"}
{"message":"Successful get all objects response","level":"info","timestamp":"2021-06-04T08:13:25.111Z"}
{"message":"Requesting all objects by 60b8dbeec3aafc54512f572e","level":"info","timestamp":"2021-06-04T08:13:30.171Z"}
{"message":"Successful get all objects response","level":"info","timestamp":"2021-06-04T08:13:30.177Z"}
{"message":"app started at port 5000","level":"info","timestamp":"2021-06-04T08:15:53.664Z"}
{"message":"Requesting all objects by 60b8dbeec3aafc54512f572e","level":"info","timestamp":"2021-06-04T08:15:54.761Z"}
{"message":"Successful get all objects response","level":"info","timestamp":"2021-06-04T08:15:54.769Z"}
{"message":"app started at port 5000","level":"info","timestamp":"2021-06-04T08:16:32.075Z"}
{"message":"Requesting all objects by 60b8dbeec3aafc54512f572e","level":"info","timestamp":"2021-06-04T08:16:34.843Z"}
{"message":"Successful get all objects response","level":"info","timestamp":"2021-06-04T08:16:34.853Z"}
{"message":"app started at port 5000","level":"info","timestamp":"2021-06-04T08:29:05.366Z"}
{"message":"app started at port 5000","level":"info","timestamp":"2021-06-04T08:30:43.166Z"}
{"message":"Requesting all objects by 60b8dbeec3aafc54512f572e","level":"info","timestamp":"2021-06-04T08:30:46.621Z"}
{"message":"Successful get all objects response","level":"info","timestamp":"2021-06-04T08:30:46.630Z"}
{"message":"app started at port 5000","level":"info","timestamp":"2021-06-04T08:33:10.730Z"}
{"message":"app started at port 5000","level":"info","timestamp":"2021-06-04T08:33:15.604Z"}
{"message":"app started at port 5000","level":"info","timestamp":"2021-06-04T08:33:57.985Z"}
{"message":"UserId: 60b8dbeec3aafc54512f572e, object creation attempt","level":"info","timestamp":"2021-06-04T08:34:18.590Z"}
{"name":"CustomError","level":"error","message":"Object with dfg name already exists","stack":"CustomError: Object with dfg name already exists\n    at Object.createObj (/home/gb/WebstormProjects/jsoncms/Service/objService.js:33:11)\n    at processTicksAndRejections (internal/process/task_queues.js:93:5)\n    at async createAnObj (/home/gb/WebstormProjects/jsoncms/Controllers/objsController.js:7:5)","timestamp":"2021-06-04T08:34:18.598Z"}
{"message":"UserId: 60b8dbeec3aafc54512f572e, object creation attempt","level":"info","timestamp":"2021-06-04T08:34:22.809Z"}
{"message":"UserId: 60b8dbeec3aafc54512f572e, adding uploaded files to new object ","level":"info","timestamp":"2021-06-04T08:34:22.814Z"}
{"message":"Successful object creation","level":"info","timestamp":"2021-06-04T08:34:22.831Z"}
{"message":"Requesting all objects by 60b8dbeec3aafc54512f572e","level":"info","timestamp":"2021-06-04T08:34:22.889Z"}
{"message":"Successful get all objects response","level":"info","timestamp":"2021-06-04T08:34:22.897Z"}
